<?xml version="1.0" encoding="UTF-8"?>
<testng-results ignored="0" total="1" passed="1" failed="0" skipped="0">
  <reporter-output>
  </reporter-output>
  <suite started-at="2025-04-27T01:27:03 IST" name="Suite" finished-at="2025-04-27T01:27:15 IST" duration-ms="12833">
    <groups>
    </groups>
    <test started-at="2025-04-27T01:27:03 IST" name="Test" finished-at="2025-04-27T01:27:15 IST" duration-ms="12833">
      <class name="Test1">
        <test-method is-config="true" signature="setUp()[pri:0, instance:Test1@294425a7]" started-at="2025-04-27T01:27:03 IST" name="setUp" finished-at="2025-04-27T01:27:05 IST" duration-ms="2731" status="PASS">
          <reporter-output>
          </reporter-output>
        </test-method> <!-- setUp -->
        <test-method signature="verifySupportEmailLink()[pri:0, instance:Test1@294425a7]" started-at="2025-04-27T01:27:05 IST" name="verifySupportEmailLink" finished-at="2025-04-27T01:27:15 IST" duration-ms="9743" status="PASS">
          <reporter-output>
          </reporter-output>
        </test-method> <!-- verifySupportEmailLink -->
        <test-method is-config="true" signature="tearDown()[pri:0, instance:Test1@294425a7]" started-at="2025-04-27T01:27:15 IST" name="tearDown" finished-at="2025-04-27T01:27:15 IST" duration-ms="298" status="PASS">
          <reporter-output>
          </reporter-output>
        </test-method> <!-- tearDown -->
      </class> <!-- Test1 -->
    </test> <!-- Test -->
  </suite> <!-- Suite -->
</testng-results>
